\BOOKMARK [0][-]{name.0}{Contents}{}% 1
\BOOKMARK [0][-]{chapter*.2}{Preface}{}% 2
\BOOKMARK [0][-]{chapter*.4}{Acknowledgments}{}% 3
\BOOKMARK [0][-]{chapter*.5}{Regular\040sound\040shifts\040in\040the\040history\040of\040SiouanRory\040Larson}{}% 4
\BOOKMARK [1][-]{section.1.1}{Introduction}{chapter*.5}% 5
\BOOKMARK [1][-]{section.1.2}{The\040Siouan\040family\040tree}{chapter*.5}% 6
\BOOKMARK [1][-]{section.1.3}{The\040Reconstructed\040Proto-Siouan\040phoneme\040set}{chapter*.5}% 7
\BOOKMARK [1][-]{section.1.4}{Historical\040Siouan\040sound\040shifts}{chapter*.5}% 8
\BOOKMARK [2][-]{subsection.1.4.1}{Missouri\040Valley\040\(Crow-Hidatsa\)\040reflexes}{section.1.4}% 9
\BOOKMARK [3][-]{subsubsection.1.4.1.1}{Hidatsa\040reflexes}{subsection.1.4.1}% 10
\BOOKMARK [3][-]{subsubsection.1.4.1.2}{Crow\040reflexes}{subsection.1.4.1}% 11
\BOOKMARK [2][-]{subsection.1.4.2}{Mandan\040reflexes}{section.1.4}% 12
\BOOKMARK [2][-]{subsection.1.4.3}{MVS\040reflexes}{section.1.4}% 13
\BOOKMARK [3][-]{subsubsection.1.4.3.1}{Dakotan\040reflexes}{subsection.1.4.3}% 14
\BOOKMARK [4][-]{paragraph.1.4.3.1.1}{Santee-Sisseton\040reflexes}{subsubsection.1.4.3.1}% 15
\BOOKMARK [4][-]{paragraph.1.4.3.1.2}{Yankton-Yanktonai\040reflexes}{subsubsection.1.4.3.1}% 16
\BOOKMARK [4][-]{paragraph.1.4.3.1.3}{Teton\040\(Lakota\)\040reflexes}{subsubsection.1.4.3.1}% 17
\BOOKMARK [4][-]{paragraph.1.4.3.1.4}{Assiniboine\040reflexes}{subsubsection.1.4.3.1}% 18
\BOOKMARK [4][-]{paragraph.1.4.3.1.5}{Stoney\040reflexes}{subsubsection.1.4.3.1}% 19
\BOOKMARK [3][-]{subsubsection.1.4.3.2}{Winnebago-Chiwere\040reflexes}{subsection.1.4.3}% 20
\BOOKMARK [4][-]{paragraph.1.4.3.2.1}{Hoocąk reflexes}{subsubsection.1.4.3.2}% 21
\BOOKMARK [4][-]{paragraph.1.4.3.2.2}{IOM\040reflexes}{subsubsection.1.4.3.2}% 22
\BOOKMARK [3][-]{subsubsection.1.4.3.3}{Dhegiha\040Reflexes}{subsection.1.4.3}% 23
\BOOKMARK [4][-]{paragraph.1.4.3.3.1}{Omaha-Ponca\040reflexes}{subsubsection.1.4.3.3}% 24
\BOOKMARK [4][-]{paragraph.1.4.3.3.2}{Kaw-Osage\040reflexes}{subsubsection.1.4.3.3}% 25
\BOOKMARK [4][-]{paragraph.1.4.3.3.3}{Quapaw\040reflexes}{subsubsection.1.4.3.3}% 26
\BOOKMARK [2][-]{subsection.1.4.4}{Southeastern\040Siouan\040reflexes}{section.1.4}% 27
\BOOKMARK [3][-]{subsubsection.1.4.4.1}{Tutelo\040reflexes}{subsection.1.4.4}% 28
\BOOKMARK [3][-]{subsubsection.1.4.4.2}{Ofo-Biloxi\040reflexes}{subsection.1.4.4}% 29
\BOOKMARK [4][-]{paragraph.1.4.4.2.1}{Biloxi\040reflexes}{subsubsection.1.4.4.2}% 30
\BOOKMARK [4][-]{paragraph.1.4.4.2.2}{Ofo\040reflexes}{subsubsection.1.4.4.2}% 31
\BOOKMARK [0][-]{chapter*.8}{Ba-be-bi-bo-ra:\040Refinement\040of\040the\040Ho-Chunk\040syllabary\040in\040the\040nineteenth\040and\040twentieth\040centuriesKathleen\040Danker}{}% 32
\BOOKMARK [1][-]{section.2.1}{Introduction}{chapter*.8}% 33
\BOOKMARK [1][-]{section.2.2}{The\040Fletcher\040Publications}{chapter*.8}% 34
\BOOKMARK [1][-]{section.2.3}{The\040Phonemes\040of\040the\040Ho-Chunk\040and\040Sac\040and\040Fox\040Languages}{chapter*.8}% 35
\BOOKMARK [1][-]{section.2.4}{The\040Fletcher\040Syllabary}{chapter*.8}% 36
\BOOKMARK [1][-]{section.2.5}{The\040Blowsnake\040Syllabary}{chapter*.8}% 37
\BOOKMARK [1][-]{section.2.6}{The\040White\040Syllabary}{chapter*.8}% 38
\BOOKMARK [1][-]{section.2.7}{Conclusion}{chapter*.8}% 39
\BOOKMARK [0][-]{section*.9}{Indexes}{}% 40
\BOOKMARK [1][-]{section*.10}{Name\040index}{section*.9}% 41
\BOOKMARK [1][-]{section*.11}{Language\040index}{section*.9}% 42
\BOOKMARK [1][-]{section*.12}{Subject\040index}{section*.9}% 43
