This is pdfTeX, Version 3.14159265-2.6-1.40.15 (TeX Live 2014) (preloaded format=pdflatex 2014.5.25)  7 AUG 2015 22:42
entering extended mode
 restricted \write18 enabled.
 file:line:error style messages enabled.
 %&-line parsing enabled.
**McBride.tex
(./McBride.tex
LaTeX2e <2014/05/01>
Babel <3.9k> and hyphenation patterns for 78 languages loaded.

! LaTeX Error: File `LSP/langsci.cls' not found.

Type X to quit or <RETURN> to proceed,
or enter new name. (Default extension: cls)

Enter file name: 
./McBride.tex:2: Emergency stop.
<read *> 
         
l.2 \author
           {Justin T. McBride}^^M
End of file on the terminal!

 
Here is how much of TeX's memory you used:
 11 strings out of 493117
 200 string characters out of 6135433
 52909 words of memory out of 5000000
 3571 multiletter control sequences out of 15000+600000
 3640 words of font info for 14 fonts, out of 8000000 for 9000
 1141 hyphenation exceptions out of 8191
 10i,0n,7p,61b,8s stack positions out of 5000i,500n,10000p,200000b,80000s
./McBride.tex:2:  ==> Fatal error occurred, no output PDF file produced!
